<?xml version="1.0" encoding="UTF-8" ?>
<testsuite errors="0" failures="0" hostname="DESKTOP-7ACGB1A" name="org.sonata.keywordDriven.KWTest" skipped="0" tests="1" time="29.739" timestamp="2023-07-28T11:54:39">
  <properties>
    <property name="java.vendor" value="Oracle Corporation" />
    <property name="lib.dir" value="./deps/" />
    <property name="sun.java.launcher" value="SUN_STANDARD" />
    <property name="sun.management.compiler" value="HotSpot 64-Bit Tiered Compilers" />
    <property name="os.name" value="Windows 10" />
    <property name="sun.boot.class.path" value="C:\Users\jayachandra.m\Desktop\Hackathon\Framework\deps\jdk1.8.0_60\jre\lib\resources.jar;C:\Users\jayachandra.m\Desktop\Hackathon\Framework\deps\jdk1.8.0_60\jre\lib\rt.jar;C:\Users\jayachandra.m\Desktop\Hackathon\Framework\deps\jdk1.8.0_60\jre\lib\sunrsasign.jar;C:\Users\jayachandra.m\Desktop\Hackathon\Framework\deps\jdk1.8.0_60\jre\lib\jsse.jar;C:\Users\jayachandra.m\Desktop\Hackathon\Framework\deps\jdk1.8.0_60\jre\lib\jce.jar;C:\Users\jayachandra.m\Desktop\Hackathon\Framework\deps\jdk1.8.0_60\jre\lib\charsets.jar;C:\Users\jayachandra.m\Desktop\Hackathon\Framework\deps\jdk1.8.0_60\jre\lib\jfr.jar;C:\Users\jayachandra.m\Desktop\Hackathon\Framework\deps\jdk1.8.0_60\jre\classes" />
    <property name="sun.desktop" value="windows" />
    <property name="java.vm.specification.vendor" value="Oracle Corporation" />
    <property name="ant.home" value="C:\Users\jayachandra.m\Desktop\Hackathon\Framework\deps\apache-ant-1.9.7\bin\.." />
    <property name="java.runtime.version" value="1.8.0_60-b27" />
    <property name="user.name" value="jayachandra.m" />
    <property name="suite.dir" value="C:\Users\jayachandra.m\Desktop\Hackathon\Framework\TestCases\DemoTest" />
    <property name="report.xml" value="./Report/Junit/xml" />
    <property name="user.language" value="en" />
    <property name="sun.boot.library.path" value="C:\Users\jayachandra.m\Desktop\Hackathon\Framework\deps\jdk1.8.0_60\jre\bin" />
    <property name="StopOnError" value="true" />
    <property name="java.version" value="1.8.0_60" />
    <property name="user.timezone" value="" />
    <property name="sun.arch.data.model" value="64" />
    <property name="java.endorsed.dirs" value="C:\Users\jayachandra.m\Desktop\Hackathon\Framework\deps\jdk1.8.0_60\jre\lib\endorsed" />
    <property name="sun.cpu.isalist" value="amd64" />
    <property name="sun.jnu.encoding" value="Cp1252" />
    <property name="file.encoding.pkg" value="sun.io" />
    <property name="file.separator" value="\" />
    <property name="java.specification.name" value="Java Platform API Specification" />
    <property name="suiteAbs" value="DemoTest" />
    <property name="java.class.version" value="52.0" />
    <property name="user.country" value="IN" />
    <property name="java.home" value="C:\Users\jayachandra.m\Desktop\Hackathon\Framework\deps\jdk1.8.0_60\jre" />
    <property name="java.vm.info" value="mixed mode" />
    <property name="ant.file" value="C:\Users\jayachandra.m\Desktop\Hackathon\Framework\build.xml" />
    <property name="os.version" value="10.0" />
    <property name="reportExtent" value="./Report/Extent" />
    <property name="path.separator" value=";" />
    <property name="java.vm.version" value="25.60-b23" />
    <property name="user.variant" value="" />
    <property name="TestCaseFile" value="C:\Users\jayachandra.m\Desktop\Hackathon\Framework\TestCases\DemoTest\DemoTest.xlsx" />
    <property name="ant.library.dir" value="C:\Users\jayachandra.m\Desktop\Hackathon\Framework\deps\apache-ant-1.9.7\lib" />
    <property name="java.awt.printerjob" value="sun.awt.windows.WPrinterJob" />
    <property name="sun.io.unicode.encoding" value="UnicodeLittle" />
    <property name="awt.toolkit" value="sun.awt.windows.WToolkit" />
    <property name="sun.stdout.encoding" value="cp437" />
    <property name="user.script" value="" />
    <property name="suiteName" value="C:\Users\jayachandra.m\Desktop\Hackathon\Framework\TestCases\DemoTest\DemoTest.xlsx" />
    <property name="user.home" value="C:\Users\jayachandra.m" />
    <property name="java.specification.vendor" value="Oracle Corporation" />
    <property name="java.library.path" value="C:\Users\jayachandra.m\Desktop\Hackathon\Framework\deps\jdk1.8.0_60\jre\bin;C:\WINDOWS\Sun\Java\bin;C:\WINDOWS\system32;C:\WINDOWS;C:\Program Files\Python39\Scripts\;C:\Program Files\Python39\;C:\Program Files\Common Files\Oracle\Java\javapath;C:\WINDOWS\system32;C:\WINDOWS;C:\WINDOWS\System32\Wbem;C:\WINDOWS\System32\WindowsPowerShell\v1.0\;C:\WINDOWS\System32\OpenSSH\;C:\Program Files\dotnet\;C:\Program Files\Git\cmd;C:\Program Files\Maven\apache-maven-3.9.1\bin;C:\Program Files\Java\jdk-20\bin;C:\Program Files\Microsoft SQL Server\Client SDK\ODBC\170\Tools\Binn\;C:\Program Files (x86)\Microsoft SQL Server\150\Tools\Binn\;C:\Program Files\Microsoft SQL Server\150\Tools\Binn\;C:\Program Files\Microsoft SQL Server\150\DTS\Binn\;C:\Program Files (x86)\Microsoft SQL Server\160\DTS\Binn\;C:\Program Files\Azure Data Studio\bin;C:\Program Files\Docker\Docker\resources\bin;C:\Program Files\Python39;C:\Users\jayachandra.m\AppData\Local\Microsoft\WindowsApps;;C:\Program Files\JetBrains\IntelliJ IDEA Community Edition 2023.1\bin;;C:\Program Files\Azure Data Studio\bin;." />
    <property name="java.vendor.url" value="http://java.oracle.com/" />
    <property name="java.vm.vendor" value="Oracle Corporation" />
    <property name="java.runtime.name" value="Java(TM) SE Runtime Environment" />
    <property name="sun.java.command" value="org.apache.tools.ant.taskdefs.optional.junit.JUnitTestRunner org.sonata.keywordDriven.KWTest skipNonTests=false filtertrace=true haltOnError=false haltOnFailure=false formatter=org.apache.tools.ant.taskdefs.optional.junit.OutErrSummaryJUnitResultFormatter showoutput=false outputtoformatters=true logfailedtests=true threadid=0 logtestlistenerevents=false formatter=org.apache.tools.ant.taskdefs.optional.junit.PlainJUnitResultFormatter,C:\Users\jayachandra.m\Desktop\Hackathon\Framework\Report\Junit\xml\DemoTest\DemoTest\TEST-org.sonata.keywordDriven.KWTest.txt formatter=org.apache.tools.ant.taskdefs.optional.junit.XMLJUnitResultFormatter,C:\Users\jayachandra.m\Desktop\Hackathon\Framework\Report\Junit\xml\DemoTest\DemoTest\TEST-org.sonata.keywordDriven.KWTest.xml crashfile=C:\Users\jayachandra.m\Desktop\Hackathon\Framework\junitvmwatcher3259976742660548934.properties propsfile=C:\Users\jayachandra.m\Desktop\Hackathon\Framework\junit5140297888354264711.properties" />
    <property name="java.class.path" value="C:\Users\jayachandra.m\Desktop\Hackathon\Framework\keywordDriven-1.0.3.jar;C:\Users\jayachandra.m\Desktop\Hackathon\Framework\deps\junit-4.11.jar;C:\Users\jayachandra.m\Desktop\Hackathon\Framework\deps\apache-ant-1.9.7\lib\ant-launcher.jar;C:\Users\jayachandra.m\Desktop\Hackathon\Framework\deps\apache-ant-1.9.7\lib\ant.jar;C:\Users\jayachandra.m\Desktop\Hackathon\Framework\deps\apache-ant-1.9.7\lib\ant-junit.jar;C:\Users\jayachandra.m\Desktop\Hackathon\Framework\deps\apache-ant-1.9.7\lib\ant-junit4.jar" />
    <property name="ant.version" value="Apache Ant(TM) version 1.9.7 compiled on April 9 2016" />
    <property name="report.html" value="./Report/Junit/html" />
    <property name="java.vm.specification.name" value="Java Virtual Machine Specification" />
    <property name="ant.file.type" value="file" />
    <property name="java.vm.specification.version" value="1.8" />
    <property name="sun.cpu.endian" value="little" />
    <property name="sun.os.patch.level" value="" />
    <property name="java.io.tmpdir" value="C:\Users\JAYACH~1.M\AppData\Local\Temp\" />
    <property name="java.vendor.url.bug" value="http://bugreport.sun.com/bugreport/" />
    <property name="suiteFolderName" value="C:\Users\jayachandra.m\Desktop\Hackathon\Framework\TestCases\DemoTest" />
    <property name="configFileAbs" value="C:\Users\jayachandra.m\Desktop\Hackathon\Framework\TestCases\DemoTest\config.xml" />
    <property name="ExtentPath" value="Report\Extent_02-7--_17-24-36" />
    <property name="testSuiteWithoutExt" value="DemoTest" />
    <property name="os.arch" value="amd64" />
    <property name="java.awt.graphicsenv" value="sun.awt.Win32GraphicsEnvironment" />
    <property name="screenshotpath" value="./Report/Images" />
    <property name="java.ext.dirs" value="C:\Users\jayachandra.m\Desktop\Hackathon\Framework\deps\jdk1.8.0_60\jre\lib\ext;C:\WINDOWS\Sun\Java\lib\ext" />
    <property name="buildJar" value="keywordDriven-1.0.3.jar" />
    <property name="user.dir" value="C:\Users\jayachandra.m\Desktop\Hackathon\Framework" />
    <property name="testSuite" value="DemoTest.xlsx" />
    <property name="line.separator" value="&#xd;&#xa;" />
    <property name="java.vm.name" value="Java HotSpot(TM) 64-Bit Server VM" />
    <property name="basedir" value="C:\Users\jayachandra.m\Desktop\Hackathon\Framework" />
    <property name="ant.java.version" value="1.8" />
    <property name="ant.core.lib" value="C:\Users\jayachandra.m\Desktop\Hackathon\Framework\deps\apache-ant-1.9.7\lib\ant.jar" />
    <property name="file.encoding" value="Cp1252" />
    <property name="sun.stderr.encoding" value="cp437" />
    <property name="configFile" value="C:\Users\jayachandra.m\Desktop\Hackathon\Framework\TestCases\DemoTest\config.xml" />
    <property name="java.specification.version" value="1.8" />
    <property name="ant.project.invoked-targets" value="test" />
  </properties>
  <testcase classname="org.sonata.keywordDriven.KWTest" name="test[DemoTest on CHROME]" time="29.015" />
  <system-out><![CDATA[xml file  = C:\Users\jayachandra.m\Desktop\Hackathon\Framework\TestCases\DemoTest\config.xml
test case file: C:\Users\jayachandra.m\Desktop\Hackathon\Framework\TestCases\DemoTest\DemoTest.xlsx
ExtentPath = Report\Extent_02-7--_17-24-36

NavigateToAction, page = InsightSoftware
browser is CHROME, server is insightsoftware.com, port is 80
Driver : ChromeDriver: chrome on XP (7c22b595912dc49c1aff0a45c4880e38)
browser is CHROME, server is insightsoftware.com, port is 80
LayoutMaps\InsightSoftware.xml
baseURL = http://insightsoftware.com

ClickAction, Element = Button:InsightSoftwareHomePage
performAction() in ClickAction class: elementType = Button, element =InsightSoftwareHomePage

ClickAction, Element = Button:SolutionsLink
performAction() in ClickAction class: elementType = Button, element =SolutionsLink

ClickAction, Element = Button:AtlasLink
performAction() in ClickAction class: elementType = Button, element =AtlasLink

TypeAction, Element = TextBox:EmailTextBox Data = abc@abc.com
inputData read from test case is abc@abc.com
TypeAction: inputData final is abc@abc.com

GetTextAction, Element = Label:SolutionsLink
GetTextAction : widget = SolutionsLink : text =Solutions
Data repo = size 1
Data repo =  {SolutionsLink=Solutions}

GetTextAction, Element = Label:SolutionsLink
GetTextAction : widget = SolutionsLink : text =Solutions
Data repo = size 1
Data repo =  {SolutionsLink=Solutions}

AssertAction, Element = SolutionsLink
AssertAction, Assertion type = IsVisible
]]></system-out>
  <system-err><![CDATA[Starting ChromeDriver 114.0.5735.90 (386bc09e8f4f2e025eddae123f36f6263096ae49-refs/branch-heads/5735@{#1052}) on port 28797
Only local connections are allowed.
Please see https://chromedriver.chromium.org/security-considerations for suggestions on keeping ChromeDriver safe.
ChromeDriver was started successfully.
]]></system-err>
</testsuite>
